Сборка начата 03.08.2018 10:39:41.
     1>Проект "D:\Projects\Snake(C++)\Snake(C++)\Snake(C++).vcxproj" в узле 2 (целевые объекты Build).
     1>ClCompile:
         C:\Program Files (x86)\Microsoft Visual Studio 12.0\VC\bin\CL.exe /c /Zi /nologo /W3 /WX- /sdl /O2 /Oi /Oy- /GL /D WIN32 /D NDEBUG /D _CONSOLE /D _LIB /D _UNICODE /D UNICODE /Gm- /EHsc /MD /GS /Gy /fp:precise /Zc:wchar_t /Zc:forScope /Yu"stdafx.h" /Fp"Release\Snake(C++).pch" /Fo"Release\\" /Fd"Release\vc120.pdb" /Gd /TP /analyze- /errorReport:prompt Game.cpp SnakeClass.cpp
         Game.cpp
     1>Game.cpp(31): warning C4244: аргумент: преобразование "time_t" в "unsigned int", возможна потеря данных
         SnakeClass.cpp
     1>SnakeClass.cpp(98): warning C4018: <: несоответствие типов со знаком и без знака
       Link:
         C:\Program Files (x86)\Microsoft Visual Studio 12.0\VC\bin\link.exe /ERRORREPORT:PROMPT /OUT:"D:\Projects\Snake(C++)\Release\Snake(C++).exe" /INCREMENTAL:NO /NOLOGO kernel32.lib user32.lib gdi32.lib winspool.lib comdlg32.lib advapi32.lib shell32.lib ole32.lib oleaut32.lib uuid.lib odbc32.lib odbccp32.lib /MANIFEST /MANIFESTUAC:"level='asInvoker' uiAccess='false'" /manifest:embed /DEBUG /PDB:"D:\Projects\Snake(C++)\Release\Snake(C++).pdb" /SUBSYSTEM:CONSOLE /OPT:REF /OPT:ICF /LTCG /TLBID:1 /DYNAMICBASE /NXCOMPAT /IMPLIB:"D:\Projects\Snake(C++)\Release\Snake(C++).lib" /MACHINE:X86 /SAFESEH Release\Figure.obj
         Release\FoodCreatorClass.obj
         Release\Game.obj
         Release\HorizontalLine.obj
         Release\Menu.obj
         Release\Point.obj
         "Release\Snake(C++).obj"
         Release\SnakeClass.obj
         Release\stdafx.obj
         Release\VerticalLine.obj
         Release\Walls.obj
         Создание кода
         Создание кода завершено
         Snake(C++).vcxproj -> D:\Projects\Snake(C++)\Release\Snake(C++).exe
     1>Сборка проекта "D:\Projects\Snake(C++)\Snake(C++)\Snake(C++).vcxproj" завершена (целевые объекты Build).

Сборка успешно завершена.

Затраченное время: 00:00:08.22
