Сборка начата 03.08.2018 10:39:21.
     1>Проект "D:\Projects\Snake(C++)\Snake(C++)\Snake(C++).vcxproj" в узле 2 (целевые объекты Build).
     1>ClCompile:
         C:\Program Files (x86)\Microsoft Visual Studio 12.0\VC\bin\CL.exe /c /ZI /nologo /W3 /WX- /sdl /Od /Oy- /D WIN32 /D _DEBUG /D _CONSOLE /D _LIB /D _UNICODE /D UNICODE /Gm /EHsc /RTC1 /MDd /GS /fp:precise /Zc:wchar_t /Zc:forScope /Yu"stdafx.h" /Fp"Debug\Snake(C++).pch" /Fo"Debug\\" /Fd"Debug\vc120.pdb" /Gd /TP /analyze- /errorReport:prompt Game.cpp
         Game.cpp
     1>d:\projects\snake(c++)\snake(c++)\game.cpp(31): warning C4244: аргумент: преобразование "time_t" в "unsigned int", возможна потеря данных
       Link:
         C:\Program Files (x86)\Microsoft Visual Studio 12.0\VC\bin\link.exe /ERRORREPORT:PROMPT /OUT:"D:\Projects\Snake(C++)\Debug\Snake(C++).exe" /INCREMENTAL /NOLOGO kernel32.lib user32.lib gdi32.lib winspool.lib comdlg32.lib advapi32.lib shell32.lib ole32.lib oleaut32.lib uuid.lib odbc32.lib odbccp32.lib /MANIFEST /MANIFESTUAC:"level='asInvoker' uiAccess='false'" /manifest:embed /DEBUG /PDB:"D:\Projects\Snake(C++)\Debug\Snake(C++).pdb" /SUBSYSTEM:CONSOLE /TLBID:1 /DYNAMICBASE /NXCOMPAT /IMPLIB:"D:\Projects\Snake(C++)\Debug\Snake(C++).lib" /MACHINE:X86 Debug\Figure.obj
         Debug\FoodCreatorClass.obj
         Debug\Game.obj
         Debug\HorizontalLine.obj
         Debug\Menu.obj
         Debug\Point.obj
         "Debug\Snake(C++).obj"
         Debug\SnakeClass.obj
         Debug\stdafx.obj
         Debug\VerticalLine.obj
         Debug\Walls.obj
         Snake(C++).vcxproj -> D:\Projects\Snake(C++)\Debug\Snake(C++).exe
     1>Сборка проекта "D:\Projects\Snake(C++)\Snake(C++)\Snake(C++).vcxproj" завершена (целевые объекты Build).

Сборка успешно завершена.

Затраченное время: 00:00:01.73
